<?xml version="1.0" encoding="UTF-8"?>
<!-- Generated by org.testng.reporters.JUnitXMLReporter -->
<testsuite hostname="Sashi.local" ignored="3" name="Subtract Tests" tests="21" failures="0" timestamp="20 Jun 2020 08:07:54 GMT" time="0.057" errors="0">
  <testcase name="subtractTest" time="0.009" classname="smartbytes.testng.testcases.DataProviderTest"/>
  <testcase name="subtractTest" time="0.001" classname="smartbytes.testng.testcases.DataProviderTest"/>
  <testcase name="subtractTest" time="0.0" classname="smartbytes.testng.testcases.DataProviderTest"/>
  <testcase name="subtractTest" time="0.0" classname="smartbytes.testng.testcases.DataProviderTest"/>
  <testcase name="subtractTest" time="0.0" classname="smartbytes.testng.testcases.DataProviderTest"/>
  <testcase name="subtractTest" time="0.001" classname="smartbytes.testng.testcases.DataProviderTest"/>
  <testcase name="subtractTest" time="0.0" classname="smartbytes.testng.testcases.DataProviderTest"/>
  <testcase name="subtractTest" time="0.0" classname="smartbytes.testng.testcases.DataProviderTest"/>
  <testcase name="subtractTest" time="0.0" classname="smartbytes.testng.testcases.DataProviderTest"/>
  <testcase name="subtractTest" time="0.0" classname="smartbytes.testng.testcases.DataProviderTest"/>
  <testcase name="subtractTest" time="0.0" classname="smartbytes.testng.testcases.DataProviderTest"/>
  <testcase name="subtractTest" time="0.001" classname="smartbytes.testng.testcases.DataProviderTest"/>
  <testcase name="subtractTest" time="0.0" classname="smartbytes.testng.testcases.DataProviderTest"/>
  <testcase name="subtractTest" time="0.001" classname="smartbytes.testng.testcases.DataProviderTest"/>
  <testcase name="subtractTest" time="0.0" classname="smartbytes.testng.testcases.DataProviderTest"/>
  <testcase name="subtractTest" time="0.001" classname="smartbytes.testng.testcases.DataProviderTest"/>
  <testcase name="subtractTest" time="0.001" classname="smartbytes.testng.testcases.DataProviderTest"/>
  <testcase name="subtractTest" time="0.0" classname="smartbytes.testng.testcases.DataProviderTest"/>
  <testcase name="subtractTest" time="0.0" classname="smartbytes.testng.testcases.DataProviderTest"/>
  <testcase name="subtractTest" time="0.0" classname="smartbytes.testng.testcases.DataProviderTest"/>
  <testcase name="subtractTest" time="0.027" classname="smartbytes.testng.testcases.CalculatorTest"/>
  <testcase name="multiplyTest" time="0.0" classname="smartbytes.testng.testcases.CalculatorTest">
    <ignored/>
  </testcase> <!-- multiplyTest -->
  <testcase name="addTest" time="0.0" classname="smartbytes.testng.testcases.CalculatorTest">
    <ignored/>
  </testcase> <!-- addTest -->
  <testcase name="addTest" time="0.0" classname="smartbytes.testng.testcases.DataProviderTest">
    <ignored/>
  </testcase> <!-- addTest -->
</testsuite> <!-- Subtract Tests -->
