<?xml version="1.0" encoding="UTF-8"?>
<!-- Generated by org.testng.reporters.JUnitXMLReporter -->
<testsuite hostname="Sashi.local" ignored="0" name="PackageTest" tests="47" failures="0" timestamp="20 Jun 2020 08:07:59 GMT" time="0.088" errors="0">
  <testcase name="login_test" time="0.007" classname="smartbytes.testng.testcases.LoginTest"/>
  <testcase name="addTest" time="0.018" classname="smartbytes.testng.testcases.CalculatorTest"/>
  <testcase name="multiplyTest" time="0.001" classname="smartbytes.testng.testcases.CalculatorTest"/>
  <testcase name="subtractTest" time="0.001" classname="smartbytes.testng.testcases.CalculatorTest"/>
  <testcase name="create_employee_test" time="0.001" classname="smartbytes.testng.testcases.AuthenticationTest"/>
  <testcase name="update_employee_test" time="0.0" classname="smartbytes.testng.testcases.AuthenticationTest"/>
  <testcase name="delete_employee_test" time="0.001" classname="smartbytes.testng.testcases.AuthenticationTest"/>
  <testcase name="addTest" time="0.0" classname="smartbytes.testng.testcases.DataProviderTest"/>
  <testcase name="addTest" time="0.001" classname="smartbytes.testng.testcases.DataProviderTest"/>
  <testcase name="addTest" time="0.0" classname="smartbytes.testng.testcases.DataProviderTest"/>
  <testcase name="addTest" time="0.0" classname="smartbytes.testng.testcases.DataProviderTest"/>
  <testcase name="addTest" time="0.0" classname="smartbytes.testng.testcases.DataProviderTest"/>
  <testcase name="addTest" time="0.0" classname="smartbytes.testng.testcases.DataProviderTest"/>
  <testcase name="addTest" time="0.0" classname="smartbytes.testng.testcases.DataProviderTest"/>
  <testcase name="addTest" time="0.0" classname="smartbytes.testng.testcases.DataProviderTest"/>
  <testcase name="addTest" time="0.001" classname="smartbytes.testng.testcases.DataProviderTest"/>
  <testcase name="addTest" time="0.0" classname="smartbytes.testng.testcases.DataProviderTest"/>
  <testcase name="addTest" time="0.0" classname="smartbytes.testng.testcases.DataProviderTest"/>
  <testcase name="addTest" time="0.0" classname="smartbytes.testng.testcases.DataProviderTest"/>
  <testcase name="addTest" time="0.0" classname="smartbytes.testng.testcases.DataProviderTest"/>
  <testcase name="addTest" time="0.0" classname="smartbytes.testng.testcases.DataProviderTest"/>
  <testcase name="addTest" time="0.0" classname="smartbytes.testng.testcases.DataProviderTest"/>
  <testcase name="addTest" time="0.0" classname="smartbytes.testng.testcases.DataProviderTest"/>
  <testcase name="addTest" time="0.001" classname="smartbytes.testng.testcases.DataProviderTest"/>
  <testcase name="addTest" time="0.0" classname="smartbytes.testng.testcases.DataProviderTest"/>
  <testcase name="addTest" time="0.0" classname="smartbytes.testng.testcases.DataProviderTest"/>
  <testcase name="addTest" time="0.0" classname="smartbytes.testng.testcases.DataProviderTest"/>
  <testcase name="subtractTest" time="0.0" classname="smartbytes.testng.testcases.DataProviderTest"/>
  <testcase name="subtractTest" time="0.0" classname="smartbytes.testng.testcases.DataProviderTest"/>
  <testcase name="subtractTest" time="0.0" classname="smartbytes.testng.testcases.DataProviderTest"/>
  <testcase name="subtractTest" time="0.001" classname="smartbytes.testng.testcases.DataProviderTest"/>
  <testcase name="subtractTest" time="0.0" classname="smartbytes.testng.testcases.DataProviderTest"/>
  <testcase name="subtractTest" time="0.001" classname="smartbytes.testng.testcases.DataProviderTest"/>
  <testcase name="subtractTest" time="0.0" classname="smartbytes.testng.testcases.DataProviderTest"/>
  <testcase name="subtractTest" time="0.0" classname="smartbytes.testng.testcases.DataProviderTest"/>
  <testcase name="subtractTest" time="0.001" classname="smartbytes.testng.testcases.DataProviderTest"/>
  <testcase name="subtractTest" time="0.0" classname="smartbytes.testng.testcases.DataProviderTest"/>
  <testcase name="subtractTest" time="0.0" classname="smartbytes.testng.testcases.DataProviderTest"/>
  <testcase name="subtractTest" time="0.001" classname="smartbytes.testng.testcases.DataProviderTest"/>
  <testcase name="subtractTest" time="0.0" classname="smartbytes.testng.testcases.DataProviderTest"/>
  <testcase name="subtractTest" time="0.0" classname="smartbytes.testng.testcases.DataProviderTest"/>
  <testcase name="subtractTest" time="0.001" classname="smartbytes.testng.testcases.DataProviderTest"/>
  <testcase name="subtractTest" time="0.0" classname="smartbytes.testng.testcases.DataProviderTest"/>
  <testcase name="subtractTest" time="0.0" classname="smartbytes.testng.testcases.DataProviderTest"/>
  <testcase name="subtractTest" time="0.0" classname="smartbytes.testng.testcases.DataProviderTest"/>
  <testcase name="subtractTest" time="0.001" classname="smartbytes.testng.testcases.DataProviderTest"/>
  <testcase name="subtractTest" time="0.0" classname="smartbytes.testng.testcases.DataProviderTest"/>
</testsuite> <!-- PackageTest -->
