<?xml version="1.0" encoding="UTF-8"?>
<!-- Generated by org.testng.reporters.JUnitXMLReporter -->
<testsuite hostname="Sashi.local" ignored="6" name="Add Tests" tests="21" failures="0" timestamp="20 Jun 2020 08:08:04 GMT" time="0.061" errors="0">
  <testcase name="addTest" time="0.01" classname="smartbytes.testng.testcases.DataProviderTest"/>
  <testcase name="addTest" time="0.001" classname="smartbytes.testng.testcases.DataProviderTest"/>
  <testcase name="addTest" time="0.0" classname="smartbytes.testng.testcases.DataProviderTest"/>
  <testcase name="addTest" time="0.0" classname="smartbytes.testng.testcases.DataProviderTest"/>
  <testcase name="addTest" time="0.0" classname="smartbytes.testng.testcases.DataProviderTest"/>
  <testcase name="addTest" time="0.0" classname="smartbytes.testng.testcases.DataProviderTest"/>
  <testcase name="addTest" time="0.0" classname="smartbytes.testng.testcases.DataProviderTest"/>
  <testcase name="addTest" time="0.0" classname="smartbytes.testng.testcases.DataProviderTest"/>
  <testcase name="addTest" time="0.0" classname="smartbytes.testng.testcases.DataProviderTest"/>
  <testcase name="addTest" time="0.001" classname="smartbytes.testng.testcases.DataProviderTest"/>
  <testcase name="addTest" time="0.001" classname="smartbytes.testng.testcases.DataProviderTest"/>
  <testcase name="addTest" time="0.0" classname="smartbytes.testng.testcases.DataProviderTest"/>
  <testcase name="addTest" time="0.001" classname="smartbytes.testng.testcases.DataProviderTest"/>
  <testcase name="addTest" time="0.001" classname="smartbytes.testng.testcases.DataProviderTest"/>
  <testcase name="addTest" time="0.0" classname="smartbytes.testng.testcases.DataProviderTest"/>
  <testcase name="addTest" time="0.027" classname="smartbytes.testng.testcases.CalculatorTest"/>
  <testcase name="addTest" time="0.002" classname="smartbytes.testng.testcases.DataProviderTest"/>
  <testcase name="addTest" time="0.001" classname="smartbytes.testng.testcases.DataProviderTest"/>
  <testcase name="addTest" time="0.001" classname="smartbytes.testng.testcases.DataProviderTest"/>
  <testcase name="addTest" time="0.0" classname="smartbytes.testng.testcases.DataProviderTest"/>
  <testcase name="addTest" time="0.0" classname="smartbytes.testng.testcases.DataProviderTest"/>
  <testcase name="update_employee_test" time="0.0" classname="smartbytes.testng.testcases.AuthenticationTest">
    <ignored/>
  </testcase> <!-- update_employee_test -->
  <testcase name="create_employee_test" time="0.0" classname="smartbytes.testng.testcases.AuthenticationTest">
    <ignored/>
  </testcase> <!-- create_employee_test -->
  <testcase name="subtractTest" time="0.0" classname="smartbytes.testng.testcases.DataProviderTest">
    <ignored/>
  </testcase> <!-- subtractTest -->
  <testcase name="subtractTest" time="0.0" classname="smartbytes.testng.testcases.CalculatorTest">
    <ignored/>
  </testcase> <!-- subtractTest -->
  <testcase name="multiplyTest" time="0.0" classname="smartbytes.testng.testcases.CalculatorTest">
    <ignored/>
  </testcase> <!-- multiplyTest -->
  <testcase name="delete_employee_test" time="0.0" classname="smartbytes.testng.testcases.AuthenticationTest">
    <ignored/>
  </testcase> <!-- delete_employee_test -->
</testsuite> <!-- Add Tests -->
